**************************************************************************************
***  DIALOGS  *********  COUNT: 00000000  ********************************************
**************************************************************************************

$	10	all_default
$	20	all_alco
$	21	all_alco_w
$	22	all_merchant
$	23	all_farmer
$	25	all_narcoman
$	26	all_narcoman_w
$	27	all_turret
$	30	all_prostitute
$	35	all_poor_man
$	36	all_poor_man_w
$	40	all_child
$	41	all_child_w
$	42	all_slave
$	43	all_slaver
$	44	all_trapper
$	45	all_narcodialer
$	46	all_tatoo_shop
$	50	all_bootlegger
$	55	all_robber
$	56	all_bandit
$	57	all_cannibal
$	60	all_guard
$	61	all_guard_w
$	62	all_homesteader
$	63	all_raider
$	64	all_enclave_patrol
$	65	all_casino_player
$	66	all_casino_player_w
$	67	all_mercenary
$	68	all_elronologist
$	69	all_press_gang
 	70	base_terminal
$	74  all_pctf2
$	75  all_pctf3
$	77  all_pctf5
$	80	all_unity
$	81	all_mafia
$	82	all_traveller
$	83	all_ranger
$	84	all_marauder
$	85	all_bounty_hunter
$	86	all_outcast
$	87	all_holy_people
$	88	all_nomad
$	89	all_hunter
$	90	all_brahmin_herdsman
$	91	all_brahmin
$	92	all_endless_walker
$	93	all_caravan_packer
$	94	all_sierra_hermit
$	95	all_mine_foreman
$	96	all_follower
$	97	all_powderganger
$	98	all_barber
$	99	all_supermutants_enc

$	100	den_man
$	101	den_woman
$	102	den_kid
	104	den_barbekky_boy
$	105	den_bar_visiter
$	106	den_bar_visiter_w
$	107	den_mom
$	108	den_smitty
$	109	den_metzger
$	110	den_metzgers_guard
$	111	den_slaves
$	112	den_lara
$	113	den_fred
$	114	den_flik
$	115	den_bekky
$	116	den_radriges
$	117	den_croupier
$	118	den_laraband_member
$	119	den_tubby
$	120	den_billy
$	121	den_joey
$	122	den_thug
$	123	den_joshua
 	124     den_hub_bank1
$	125     den_hub_guard
	126	den_pokerman
$	127	den_ghost_treasure
$	150     den_cs_bandit
$	151     den_cs_barmen
$	152     den_cs_jeffry
$	153     den_cs_bar_boy
$	154     den_cs_bar_girl
$	155     den_cs_brahmin
$	156     den_cs_breeder
$	157     den_cs_boss_daughter
$	173	den_ananius
 	174	den_narco
 	175	den_bar_thief
 	176	den_narc_comm_narcoman
 	177	den_narc_comm_leader
 	178	den_narc_comm_daughter
$ 	179 	den_stokes
$	180	den_bostrainer_myers

$	200	klam_child
$	201	klam_trapper
$	202	klam_civilian
$	203	klam_aldo
$	204	klam_dog
$	205	klam_bakner_visiter
$	206	klam_golden_visiter
$	207	klam_sajag
$	208	klam_ardin
$	209	klam_majda
$	210	klam_bob
$	211	klam_baseseller
$	212	klam_torr
$	213	klam_vic
$	214	klam_slim
$	215	klam_danton
$	216	klam_sally
$	217	klam_jenny
$	218	klam_prostitute_1
$	219	klam_prostitute_2
$	220	klam_prostitute_3
$	221	klam_sulivan
$	222	klam_lucy
$	223	klam_blood
$	224	klam_dogman
$	225	klam_meloy
$	226	klam_mine_guard
$   227 klam_sulik

$	300	mod_hose
$	301	mod_joe
$	302	mod_citizen
$	303	mod_baltas
$	304	mod_leddi
$	305	mod_jonny
$	306	mod_baltas_wife
$	307	mod_grishem
$	308	mod_davin
$	309	mod_miria
$	310	mod_farrel
$	311	mod_rose
$	312	mod_cornelius
$	313	mod_trader
$	314	mod_bess
$	315	mod_butcher
$	316	mod_boy
$	317	mod_girl
$	318	mod_karl
$	319	mod_brahmin_boy
$	320	mod_farmer_q
$	321	mod_slag
$	322	mod_brahminman
$	323	ghostfarm_vegeir

$	400	vaul_citizen
$	401	vaul_non_citizen
$	402	vaul_guard
$	404	vaul_slave
$	405	vaul_prisoner
$	406	vaul_slave_w
$	407	vaul_citizen_house
$	408	vaul_amanda
$	409	vaul_doctor_andru
$	410	vaul_barkus
$	411	vaul_bar_visiter
$	412	vaul_charli
$	414	vaul_barman
$	415	vaul_kertis
$	416	vaul_darrow
$	417	vaul_doctor_troy
$	418	vaul_barman_lidia
$	419	vaul_ed
$	420	vaul_hoden
$	421	vaul_miss_smit
$	424	vaul_gregory
$	425	vaul_garry
$	426	vaul_joshua
$	427	vaul_kohl
$	428	vaul_lynnet
$	429	vaul_macrae
$	430	vaul_valery
$	431	vaul_maclure
$	432	vaul_melinda
$	433	vaul_moore
$	434	vaul_smith
$	435	vaul_fillis
$	436	vaul_outer_prizoner
$	437	vaul_randal
$	438	vaul_skeeve
$	439	vaul_worker
$	440	vaul_worker_w
$	441	vaul_stark
$	442	vaul_steeve
$	444	vaul_citizen_closet
$	446	vaul_walles
$	447	vaul_lilly
$	449	vaul_train_guard
$	450	vaul_train_peasant1
$	451	vaul_train_ticketseller
$	452	vaul_spawnwoman

$	501	geck_garold
$	502	geck_citizen
$	503	geck_citizen_glow
$	504	geck_guard
$	505	geck_bar_visitor
$	506	geck_brain
$	507	geck_festas
$	508	geck_gordon
$	509	geck_hank
$	510	geck_jeremy
$	511	geck_lenny
$	512	geck_lumpy
$	513	geck_persi
$	514	geck_robot
$	515	geck_sceetr
$	516	geck_wooz
$	517	geck_worship
$	518	geck_zomak
$	520	geck_merc_recruiter
$	521	geck_keith

$	600     bh_aileen
$	603     bh_bnkgrd
$	604     bh_brian
$	605     bh_chad
$	607     bh_chuck
$	608     bh_dan
$	609     bh_doc
$	610     bh_elmo
	611     bh_encha
	612     bh_enchb
$	613     bh_eric
$	614     bh_female
$	615     bh_franci
$	616     bh_frank
$	617     bh_ghoul
$	618     bh_hench
$	619     bh_huswif
$	620     bh_jacob
$	621     bh_liz
	622     bh_lumpy
$	623     bh_male
$	624     bh_manson
$	625     bh_marcus
$	626     bh_micky
$	627     bh_miners
$	628     bh_mutant
$	629     bh_oldghl
$	630     bh_outfit
$	631     bh_phil
$	632     bh_prof
$	633     bh_super
$	634     bh_seymor
$	635     bh_skorp
$	636     bh_steve
$	637     bh_sulvan
$	639     bh_typhon
$	640     bh_zaius
$	641	bh_mutant_female
$	642	bh_brahminman
$	650	bh_merc_recruiter
$	23081	bh_contractor1
$	23082	bh_contractor2
$	23083	bh_contractor3

$	700	nr_kitty
$	701	nr_casino_guard
$	702	nr_barmen
$	703	nr_bis_guard
$	704	nr_bishop
$	705	nr_bis_man
$	706	nr_bis_angela
$	707	nr_bis_miss
$	708	nr_mordino_big
$	709	nr_mordino_small
$	710	nr_mor_man
$	711	nr_write_orvill
$	712	nr_write_kriss
$	713	nr_write_entil
$	714	nr_write_kate
$	715	nr_write_child
$	716	nr_write_child_girl
$	717	nr_write_son
$	718	nr_write_daughter
$	719	nr_kors_snake
$	720	nr_kors_marti
$	721	nr_kors_sid
$	722	nr_kors_guard_woman
$	723	nr_kors_guard
$	724	nr_boxer
$	725	nr_boxer_fanat
$	726	nr_boxer_fanat_woman
$	727	nr_casino_player_woman
$	728	nr_casino_player
$	729	nr_comedy
$	730	nr_narcodealer
$	731	nr_monte
$	732	nr_monte_guard
$	733	nr_pornactres
$	734	nr_pornactres_new
$	735	nr_franch
$	736	nr_pain
$	737	nr_sims
$	738	nr_bill
$	739	nr_t-ray
$	740	nr_mechanic
$	741	nr_eldrid
$	742	nr_tully
$	743	nr_jimmy
$	744	nr_jules
$	745	nr_narcoman
$	746	nr_narcowoman
$	747	nr_lloyd
$	748	nr_salvatore
$	749	nr_salvatore_man
$	750	nr_mason
$	751	nr_holly
$	752	nr_mcgee
$	753	nr_mcknee
$	754	nr_miron_guard
$	755	nr_nikki
$	756	nr_pimp
$	757	nr_casino_boss_woman
$	758	nr_casino_boss
$	759	nr_prostitute
$	760	nr_renesco
$	761	nr_researcher
$	762	nr_scientist
$	763	nr_scientist_woman
$	764	nr_sheb
$	765	nr_slave
$	766	nr_slots
$	767	nr_tyson
$	768	nr_citizen
$	769	nr_citizen_woman
$	770	nr_cody
$	771	nr_algernon
$	772	nr_jessy
$	773	nr_jessy_man
$	774	nr_door_sharc
$	775	nr_door_salvatore
$	776	nr_door_desperado
$	777	nr_boxer_announcer
$	778	nr_old_man_mcgee

$   800	sad_mainframe

$	1000	ncr_dufus
$	1001	ncr_miky
$	1002	ncr_trader_buster
$	1003	ncr_trader_guard
$	1004	ncr_barmen_mira
$	1005	ncr_bar_visiter
$	1006	ncr_city_guard
$	1007	ncr_mutant_lenny
$	1008	ncr_ratch
$	1009	ncr_slaves
$	1010	ncr_vortis
$	1011	ncr_slave_guard
$	1012	ncr_slave_mainguard
$	1013	ncr_citizen
$	1014	ncr_policeman
$	1015	ncr_karl
$	1016	ncr_dumont
$	1017	ncr_trader_dappo
$	1018	ncr_repair_robot
$	1019	ncr_doroty
$	1020	ncr_rondo
$	1021	ncr_elize
$	1022	ncr_gond
$	1023	ncr_bos_luk
$	1024	ncr_barmen_dasty
$	1025	ncr_Hoss
$	1026	ncr_doctor_jubiley
$	1027	ncr_doctor_henry
$	1028	ncr_hub_clearens
$	1029	ncr_grant
$	1030	ncr_bob
$	1031	ncr_felix
$	1032	ncr_westin
$	1033	ncr_workers
$	1034	ncr_gunter
$	1035	ncr_tandy
$	1036	ncr_fergus
$	1037	ncr_karlson
$	1038	ncr_karlson_guard
$	1039	ncr_karlson_son
$	1040	ncr_karlson_bodyguard
$	1041	ncr_captain
$	1042	ncr_merk
$	1043	ncr_merk_bodyguard
$	1044	ncr_jeck
$	1045	ncr_prisoner
$	1046	ncr_robodog
$	1047	ncr_brahminman
$	1048	ncr_shaenine
$	1049	ncr_caravantrader
$	1051	ncr_train_guard
$	1052	ncr_train_peasant1
$	1053	ncr_train_ticketseller
$	1054	ncr_spawn_feelslong
$	1055	ncr_harris
$	1056	ncr_train_shadyperson
$	1057	ncr_train_mantis
$	1058	ncr_mine_guard
$	1059	ncr_mine_shouter
$	1060	ncr_army_doorguard
$	1061	ncr_greeter
$	1062	ncr_bostrainer_henrickson
$	1063	ncr_prison_doorguard
$	1064	ncr_prison_guards
$	1065	ncr_prison_convicts
$	1066	ncr_prison_governor
$	1067	ncr_prison_overseer
$	1068	ncr_prison_rails_overseer
$	1069	ncr_res_housekeeper
$	23112	ncr_detectivedeckard
$	23113	ncr_detectivegallows
$	23114	ncr_detectivepint
$	23115	ncr_detectivestark
$	23116	ncr_scumbag
$	23118	ncr_bulker
$	23120   ncr_condoms
$	23122	ncr_renegade
$	23123	ncr_letters
$	23124   ncr_std
$	23150	ncr_rocks
$	23151	ncr_wendell
$	23152	ncr_tibbett
$	23158	ncr_fetch1
$	23159	ncr_fetch2
$	23160	ncr_fetch3
$	23161	ncr_fetch4
$	23162	ncr_fetch5
$	23163	ncr_fetch6
$	23164	ncr_fetch7
$	23165	ncr_fetch8
$	23166	ncr_fetch9
$	23167	ncr_fetch10
$	23168	ncr_fetch11
$	23169	ncr_fetch12
$	23353   ncr_guardf1
$	23354   ncr_guardf2
$	23355   ncr_guardf3
$	23356   ncr_guardf4
$	23357   ncr_guardf5
$	23358   ncr_guardf6
$	23380	ncr_ewtrader
$	23132	ncr_awareman

$	1100	cath_caravan1
$	1101	cath_caravan2
$	1102	cath_caravan3
$	1103	cath_chanter
$	1104	cath_guard1
$	1105	cath_guard2
$	1106	cath_guard3
$	1107	cath_guard4
$	1108	cath_pray1
$	1109	cath_nightkin
$	1110	cath_shopkeeper
$	1111	floyd
$	1112	cath_bum
$	1113	cath_barber
$	1114	cath_greeter
$	1115	cath_lost
$	1116	cath_lostw
$	1117	cath_hobo
$	1118	cath_doorguard
$	1119	cath_cook

$	1200	mar_terminal

$	1300	redd_doctor
$	1301	redd_ratt
$	1302	redd_citizen
$	1303	redd_guard
$	1304	redd_child
$	1305	redd_askorti
$	1306	redd_betti
$	1307	redd_caminet
$	1308	redd_trader
$	1309	redd_dick
$	1310	redd_fannie
$	1311	redd_fern
$	1312	redd_gambler
$	1313	redd_miner
$	1314	redd_farmer
$	1315	redd_alco
$	1316	redd_alco_woman
$	1317	redd_hoffy
$	1318	redd_jane
$	1319	redd_josh
$	1320	redd_lou
$	1321	redd_marge
$	1322	redd_marion
$	1323	redd_mcgrew
$	1324	redd_modjes
$	1325	redd_nordik
$	1326	redd_rooney
$	1327	redd_savinel
$	1328	redd_stanwell
$	1329	redd_velani
$	1330	redd_wade
$	1331	redd_melkor_small
$	1332	redd_fight_fanat
$	1333	redd_oldman
$	1334	redd_lost_computer
$	1335	redd_baseseller
$	1336	redd_christopher
$ 	1337	redd_old_parker
$ 	1338	redd_mel_williams

$	1400	san_citizen_shue
$	1401	san_guard_shue
$	1402	san_trader_chiang
$	1403	san_trader_lao
$	1404	san_dragon
$	1405	san_doctor_fung
$	1406	san_technic
$	1407	san_doctor_wong
$	1408	san_kenli
$	1409	san_poor_man
$	1410	san_peasant
$	1411	san_pank
$	1412	san_pank_w
$	1413	san_barmen_slim
$	1414	san_badger
$	1415	san_trader_jenny
$	1416	san_trader_karl
$	1417	san_hubguard
$	1418	san_dave_x
$	1419	san_garry_rocket
$	1420	san_suze
$	1421	san_doctor_tigang
$	1422	san_chip
$	1423	san_trader
$	1424	san_axs7
$	1425	san_axs9
$	1426	san_ron
$	1427	san_crocket
$	1428	san_dock_kid
$	1429	san_hubbolog
$	1430	san_raian
$	1431	san_huan_cruz
$	1432	san_dock_guard
$	1433	san_guard_shue_2
$	1434	san_mark
$	1435	san_china_kid
$	1436	san_roomkeeper
$	1437	san_bos_ron
$	1438	san_bos_bronco
$	1439	san_bos_blake
$	1440	san_caravantrader
$	1441	san_brahminman
$	1442	san_train_ticketseller
$	1443	san_train_peasant1
$	1444	san_train_guard
$	1445	san_charlie
$	1446	san_bostrainer_windsted
$	23080	san_banchao
$	23077	san_felix
$	23130	san_forest
$	23131	san_yuans
$	23137	san_donnie
$	23138	san_hujintao
$	23170	san_bailing
$	23171	san_mingna
$	23172	san_malukk
$	23185	san_marino
$	23231	san_jenhsun
$	23294   san_benchg
$	23306   san_fisher1
$	23307   san_fisher2
$	24404 san_marketsinger
$	24405 san_marketmusician
$	24406 san_marketdancer
$	24407 san_marketpreacher
$	24408 san_marketmusician2
$	24409 san_marketbooks
$	24410 san_tankerdoc
$	24411 intro_sanfran

$	1500	nav_air_control
$	1501	nav_cook
$	1502	nav_quincy
$	1503	nav_mark
$	1504	nav_sergant
$	1505	nav_soldier
$	1506	nav_jefferson
$	1507	nav_comptech1
$	1508	nav_comptech2
$	1509	nav_lola
$	1510	nav_raul
$	1511	nav_comm1
$	1512	nav_chris
$	1513	nav_soldier2
$	1514	nav_qmaster
$	1515	nav_cmdguard
$	1516	nav_cmd
$	1517	nav_schreber
$	1518	nav_lab1
$	1519	nav_armstrong

$	1700	junktown_guard
$	1701	junktown_neal
$	1702	junktown_barv
$	1703	junktown_killian
$	1705	junktown_dogman
$	1706	junktown_crash1
$	1707	junktown_doctor
$	1708	junktown_entrancegrd
$	1709	junktown_jail
$	1710	junktown_peasant
$	1711	junktown_gang
$	1712	junktown_drunktard
$	1713	junktown_boyce
$	1714	junktown_baseseller
$	1715	junktown_scout
$	1716	junktown_bartender
$	1717	junktown_duelguy
$	1718	junktown_caravantrader
$	1719	junktown_sassy
$	1720	junktown_ronnie
$	1721	junktown_phouse_guard
$	1722	junktown_phouse_thomas
$	1723	junktown_phouse_mrhandy
$	1724	junktown_gate_guard
$	1725	junktown_gear
$	1726	junktown_drunk1
$	1729	junktown_cats
$	1730	junktown_shovel
$	1731	junktown_sick
$	1732	junktown_smokes
$	1733	junktown_mining
$	1734	junktown_story
$	23088	junktown_cptlex
$	23127	junktown_beer
$	23128	junktown_beer2
$	23129	junktown_beerkid
$	23133	junktown_sunkill
$	23134	junktown_mutant
$	23135	junktown_ghouls
$	23136	junktown_rain
$	23139	junktown_scared
$	23141	junktown_doctorq
$	23142	junktown_doctorqson
$	23143	junktown_blackmailq
$	23144	junktown_blackmailq2
$	23145	junktown_doctorqson2
$	23146	junktown_wicked
$	23147	junktown_hatter
$	23148	junktown_minerl
$	23153	junktown_vaultq
$	23154	junktown_fetchq
$	23155	junktown_fetchq2
$	23156	junktown_fetchq3
$	23259	junktown_izzo2



$	1800	bos_lh_guard
$	1801	bos_lh_guard1
$	1802	bos_lh_guard2
$	1803	bos_lh_student
$	1804	bos_lh_guard3
$	1805	bos_lh_scribe
$	1806	bos_lh_qmaster
$	1807	bos_lh_trainer
$	1808	bos_lh_entrance
$	1809	bos_lh_knight
$	1810	bos_lh_patrol
$	1811	bos_lh_peter
$	1812	bos_lh_jenna
$	1813	bos_lh_elder
$	1814	bos_lh_mathia
$	1815	bos_lh_maxson
$	1820	bos_quartermaster
$	1821	bos_town_doorguard
$ 	3102	bos_trainers1
$ 	3103	bos_trainers2
$ 	3104	bos_trainers3
$ 	3105	bos_paladin
$ 	3106	bos_alphagreet
$	23322   bos_room
$	23323   bos_bar1
$	23324   bos_doctor1
$	23325   bos_medg
$	23326   bos_cigs
$	23327   bos_nuka
$	23328   bos_room2
$	23329   bos_civi


$	2000	q_bos_bunker_computer
$	2001	q_bos_bunker_terminal

$	1900	se_bos_hummer_driver
$	1901	se_bos_injured

$	2400	necropolis_ghoul1
$	2401	necropolis_ghoul2
$	2402	necropolis_ghoul3
$	2403	necropolis_ghoul_wally
$	2404	necropolis_wally
$	2405	necropolis_elmer
$	2406	necropolis_pump_staff

$	2700	raiders_guard
$	2701	raiders_scully
$	2702	raiders_amis
$ 	2703	raiders_carter
$ 	2704	raiders_collins
$ 	2705	raiders_garcia
$ 	2706	raiders_kazenzakis
$ 	2707	raiders_keaton
$ 	2708	raiders_king
$ 	2709	raiders_miller
$ 	2710	raiders_morgan
$ 	2711	raiders_murphy
$ 	2712	raiders_parker
$ 	2713	raiders_peterson
$ 	2714	raiders_reed
$ 	2715	raiders_rodriguez
$ 	2716	raiders_sanchez
$	2717	raiders_hernandez
$	2718	raiders_sonja
$	2719	raiders_art
$	2720	raiders_ashdown
$	2721	raiders_augustus
$	2722	raiders_gomes
$	2723	raiders_jefferson
$	2724	raiders_peter
$	2725	raiders_slave
$	2726	raiders_k_raynes
$	2727	q_cooper

 	2800	starter_docthad
 	2801	starter_greg
 	2802	starter_hoskins
  	2803	starter_hull
  	2804	starter_mcmurray
  	2805	starter_sebastian
  	2806	starter_storekeeper
  	2807	starter_child_girl
  	2808	starter_citizen
  	2809	starter_harry
  	2810	starter_child_boy
  	2811	starter_child_kyle
  	2812	starter_gus

$	2900	repl_guard1
$	2901	repl_guard2
$	2902	repl_farmerwife
$	2903	repl_caravantrader
$	2904	repl_farmer
$	2905	repl_scavcamp_regulator
$	2906	repl_ncr_ranger
$	2907	repl7_nomad
$	2908	repl7_nomad_warrior
$	2909	repl5_citizen
$	2910	repl5_q_subway

 	3102	bos_malogarzt
 	3103	bos_ignat
 	3104	bos_citizen
 	3105	bos_paladin
 	3106	bos_scriber
$	5000	mob_norm_rat
$	5001	mob_pig_rat
$	5002	mob_mole_rat
$	5003	mob_int_mole_rat
$	5010	mob_small_scorp
$	5011	mob_large_scorp
$	5012	mob_mantis
$	5013	mob_giant_ant
$	5020	mob_silver_gecko
$	5021	mob_golden_gecko
$	5022	mob_fire_gecko
$	5030	mob_baby_deathclaw
$	5031	mob_adult_deathclaw
$	5032	mob_int_deathclaw
$	5033	mob_deathclaw_egg
$	5040	mob_robobrain
$	5041	mob_fly_eyeball
$	5042	mob_sentry_bot
$	5043	mob_mr_handy
$	5044	mob_floor_turret
$	5045	mob_plasma_turret
$	5050	mob_floater
$	5051	mob_centaur
$	5052	mob_wanamingo
$	5053	mob_spore_plant
$	5054	mob_dog
$	5055	mob_brahmin
$	5056	mob_alien
$	5057	mob_tribal
$	5058	mob_bandit
$	5059	mob_mutant
$	5060	mob_pashtshuur
$	5061	mob_uber_sentry_bot
$   5062    mob_sad_armory_bot
$   5063    mob_sad_mr_gutsy
	8100	trib_sulik
	8101	trib_manota
	8102	trib_naiara
	8103	trib_goyat
	8104	trib_winona
	8105	trib_maiara
	8106	trib_hiawatha
	8107	trib_aucaman
	8108	trim_cuaht
	8109	trib_musco
	8110	trib_wayna
	8111	trib_shikoba
	8112	trib_ujarak
	8113	trib_kaneon
	8114	trib_nanuq
	8115	trib_isi
	8116	trib_cowes
	8117	trib_maquinna
	8118	trib_nuka
	8119	trib_piloqut
	8120	trib_milla
	8121	trib_jaci
	8122	trib_tamaya
	8123	trib_nizhoni
	8124	trib_dog1
	8125	trib_dog2

	$	8821	vegas_barmen
$	8822	vegas_cafe_barmen
$	8823	vegas_monte_barmen
$	8824	vegas_singer
$	8825	vegas_cafe_guest
$	8826	vegas_citizen
$	8827	vegas_gambler
$	8828	vegas_homeless
$	8829	vegas_kitchen
$	8830	vegas_mob_guard
$	8831	vegas_poor
$	8832	vegas_prostitute
$   8833	vegas_croupier
$	8834	vegas_slaver
$	8835	vegas_slave
$	8836	vegas_slave_box
$	8837	vegas_box_guest
$	8838	vegas_box_slaver
$	8839	vegas_gecko_guest
$	8840	vegas_policeman
$	8841	vegas_hotel_guest
$	8842	vegas_secretary
$	8843	vegas_commander
$	8844	vegas_cas_owner
$	8845	vegas_staff
$	8846	vegas_officer
$	8847	vegas_hotdog
$	8848	vegas_mechanic
$	8849	vegas_paul
$	8850	vegas_tony
$	8851	vegas_woody

 	9050    repl_bank_banker
$	9051    repl_bank_guard
$	9052    repl_bank_keeper
 	9053    repl_terminal
$	9060	factions_terminal
$   9061    tents_campfire
$	9200	factions_geck_kelvin
$	9201	gen_quest_fetcher_1
$	9202	gen_quest_fetcher_2
$	9203	gen_quest_fetcher_3
$	9204	gen_quest_fetcher_4
$	9300	economy_banker
$	9301	economy_vault_guard
$	9310	follower
$	9311	follower_dog
$	9312	follower_brahmin
$	9313	brahminman_guard
$	9314	follower_slave
$ 	9315  	slaver_tribalcamp_1
$ 	9316  	slaver_caravan_1
  	9317  	slaver3farm
  	9318  	slaver4gas
$ 	9319  	slaver_junkies_1
$	9320	follower_companion
$	9321	follower_companion_pre
$	9322	follower_rat

$	9400	cafe_1
$	9401	cafe_2
$	9402	cafe_3
$	9403	cafe_4
$	9404	cafe_5
$	9405	cafe_6
$	9406	cafe_7
$	9407	cafe_8
$	9408	cafe_9
$	9409	cafe_10

$	9438	gun_gabriel
$	9439	gun_gunrnr
$	9440	gun_moatalexei
$	9441	gun_zack
$	9442	la_ady_caleb
$	9443	la_ady_chuck
$	9444	la_ady_cit
$	9445	la_ady_lorraine
$	9446	la_ady_taylor
$	9447	la_ady_zimmer
$	9448	la_ady_miles
$	9449	la_blade_generic
$	9450	la_blade_razor
$	9451	la_lib_fol
$	9452	la_lib_katja
$	9453	la_lib_nicole
$	9454	la_ady_reg
$	9455	la_ady_gunsmith
$	9456	la_lib_caesar
$	9457	la_blade_simon
$	9458	la_gun_elmer
$	9459	la_regulator1
$	9460	la_regulator2
$	9461	la_train_peasant1
$	9462	la_train_peasant2
$	9463	la_train_ticketseller
$	9464	la_train_coc1
$	9465	la_train_coc2
$	9466	la_train_coc3
$	9468	la_blade_hangman_regulator
$	9469	la_train_coc4
$	9470	la_ady_hendriks
$	9471	la_dog
$	9472	la_lib_librarian
$	9473	la_lib_tent_dweller
$	9474	la_ady_dogman
$	9475	gun_gunrnr2
$	9476	la_blade_trisha
$	9477	la_lib_therese
$	9478	gun_facility_worker
$	9479	la_locker_guards

    10000   nuka_vending_machine
$   10001   all_slots
$	10100	prospect_owner
$	10101	prospect_guard

$	10150	all_base_foreworker
$	10151	all_base_builder
$	10152	all_mr_handy

$	10200	train_conductor

$	10250	ul_junk_todd
$	10251	spawn_caravan_ghoul1
$	10252	spawn_caravan_ghoul_newton
$	10253	spawn_caravan_ghoul_leeroy
$	10254	spawn_hub_caravanleader
$	10255	spawn_hub_caravanwater

$	10260	q_horatius_leader
$	10261	q_horatius_gang
$	10262	q_tanker_terminal
$	10263	q_caesar_ganger_leader
$	10264	q_caesar_ganger
$	10265	q_caesar_girl
$	10266	q_caesar_father
$	10267	q_rail_raider_leader
$	10268	q_rail_raider_generic
$	10269	q_rail_raider_conductor
$	10270	q_la_warehouse_jobgiver
$	10271	q_la_warehouse_generic
$	10272	q_la_warehouse_main
$	10273	q_cath_cranium_rat
$	10274	q_cath_basement_door
$	10275	q_cath_monk
$	10276	q_cath_ghoul
$	10277	q_gunrunner_smutant
$	10278	q_frisco_subway_stairs
$	10279	q_ncr_brahmin_child
$	10280	q_jt_scorpion
$	10281	q_brahmin_run_giver1
$	10282	q_brahmin_run_herdsman
$	10283	q_brahmin_run_destination_npc
$	10284	q_first_tent_eric
$	10285	q_first_tent_sally
$	10286	q_first_tent_hasso
$	10287	q_first_tent_evelyn
$   10289 	q_hub_noe
$   10290 	q_hub_neo
$   10291 	q_hub_ron
$   10292   q_hub_sad_farmer

$ 	10500 	rq_risto
$	10501	rq_monte_carlo

$	10600	militia

$	10700	ul_gas_gordon
$	10701	ul_gas_tamira

$	10710 	ul_trainyard3_bobjr

$	10799	event_low_outfitter
$	10800	event_warzone_terminal
$	10801	event_outfitter
$	10802	altruist
$	10803	arena_scheduler
$	10804	arena_outfitter
$	10805	arena_guard
$	10806	arena_door
$	10807	arena_barman
$	10808	dialogimage
$	10809 event_outfitter2
$	10810	event_teleporter
$   10811   event_outfitter_special
 	
$	10900	billboard_hub
$	10901	billboard_adytum
$	10902	billboard_shadysands
$	10903	billboard_shadysands2

$	11000	all_ncr_army
$	11001	all_caravan_town_generic
$	11002	all_caravan_encounter_generic

$ 	21200	q_mb_energetics
$	21201	q_mb_reactor
$	21202	q_mb_infi
$	21203	q_mb_body
$	21204	q_mb_uber_bot_terminal

$	22120	talchem_l5
$	22121	talchem_rl
$	22122	talchem_Ter

$   23000   start_location_teleporter
$   23001   noob_camp_exit_gate
$   23002   noob_camp_scorpion_guard

$	23003	intro_noobcamp_alec
$	23004	intro_noobcamp_breeder
$	23005	intro_noobcamp_cyberdog
$	23006	intro_noobcamp_ed
$	23007	intro_noobcamp_enter
$	23008	intro_noobcamp_farnham
$	23009	intro_noobcamp_herdsman

$	23011	intro_noobcamp_jessica
$	23012	intro_noobcamp_jimmy
$	23013	intro_noobcamp_kid
$	23014	intro_noobcamp_knife
$	23015	intro_noobcamp_lawrence
$	23016	intro_noobcamp_mrhandy
$	23017	intro_noobcamp_oldtrapper
$	23018	intro_noobcamp_rebec
$	23019	intro_noobcamp_simon
$	23020	intro_noobcamp_stanley
$	23021	intro_noobcamp_thunderjo
$	23022	intro_noobcamp_tina
$	23023	intro_noobcamp_weakhunter
$	23024	intro_vaultexit
$	23025	intro_noobcamp_bluesuit
$	23026	intro_noobcamp_camphand
$	23027	intro_noobcamp_guard
$	23028	intro_noobcamp_doc
$	23029	intro_noobcamp_bartender
$	23030	intro_noobcamp_shed
$	23031	intro_noobcamp_tool
$	23032	intro_noobcamp_eager
$	23033	intro_noobcamp_armor

$	23352   intro_noobcamp_still1
$	2450	intro_noobcamp_jasonstone
$	23400	starter_terminal

$	33401	starter_mrhandy
$	33402	intro_advancedstart
$	33403	starter_vaultcitizen

$	2500	hub_police1
$	2501	farmer1
$	2502	farmer2
$	2503	hub_iguana_pete
$	2504	hub_prisoner
$	2505	hub_caravan1
$	2506	hub_caravan2
$	2507	hub_caravan3
$	2508	hub_jkelly
$	2509	hub_jacob
$	2510	hub_beth
$	2511	hub_mitch
$	2512	hub_shopguard
$	2513	hub_falcon1
$	2514	hub_brahminman
$	2515	hub_keri
$	2516	hub_ailis
$	2517	hub_crimsonguard
$	2518	hub_bankguard
$	2519	hub_library
$	2520	hub_skag
$	2521	hub_hubber
$	2522	hub_policecaptain
$	2523	hub_crimson_leader
$	2524	hub_fargo_leader
$	2525	hub_police2
$	2526	hub_sadwife
$	2527	hub_fargo_mandesa
$	2528	hub_fargo_mitch
$	2529	hub_arena_manager
$	2530	hub_arena_shouter
$	2531	hub_duelguy
$	2532	hub_henry
$	2533	hub_child_shren
$	2534	hub_mick
$	2535	hub_farmer1
$	2536	hub_farmer2
$	2537	hub_waterboy
$	2538	hub_watermerchant_guard
$	2539	hub_water_merchant
$	2540	hub_thief_connection
$	2541	hub_caravan_master
$   2542    hub_rick_carpenter
$	2543	hub_hope
$	2544	hub_lonely_patron
$	2545	hub_church3
$	2546	hub_priest
$	23050	hub_guard1
$	23051	hub_guard2
$	23052	hub_guard3
$	23053	hub_guard4
$	23054	hub_guard5
$	23055	hub_guard6
$	23058	hub_ganger1
$	23059	hub_ganger2
$	23060	hub_ganger3
$	23061	hub_ganger4
$	23062	hub_ganger5
$	23063	hub_ganger6
$	23064	hub_ganger7
$	23065	hub_postman
$	23066	hub_leatherbo
$	23067	hub_bringshotty
$	23068	hub_bringsurv
$	23069	hub_couriers
$	23070	hub_chef
$	23071	hub_barthug
$	23072	hub_lightj
$	23073	hub_vasquez
$	1735	hub_sheriff
$	23075	hub_spade
$	23076	hub_cwan
$	23079	hub_foundry
$	23087	hub_papa
$	23086	hub_drunkdad
$	23090	hub_waterjob
$	23117	hub_molester
$	23119	hub_bankguard2
$	23121   hub_preacher
$	23125	hub_gamma
$	23126	hub_lockpick
$	23201	hub_geckoman
$	23205	hub_crime1
$	23206	hub_crime2
$	23207	hub_biker
$	23208	hub_max
$	23209	hub_max2
$	23210	hub_church
$	23211	hub_church2
$	23212	hub_injured1
$	23213	hub_injured2
$	23214	hub_injured3
$	23215	hub_injured4
$	23217	hub_victim
$	23218	hub_victim2
$	23219	hub_ghoulman
$	23220	hub_ghoulman2
$	23221	hub_ghoulman3
$	23222	hub_ghoulman4
$	23223	hub_cop
$	23224	hub_cop2
$	23225	hub_cop3
$	23226	hub_ghoulman5
$	23227	hub_cop4
$	23228	hub_inde
$	23229	hub_inde2
$	23230	hub_drugdealer

$	23377	all_clown
$	23378	all_clownboss
$	1727	all_dialogbartender
$	23092	all_christian
$	23093	all_dharma
$	23094	all_hubology
$	23095	all_mormon
$	23096	all_reaver
$	23097	all_renewal
$	23260	all_fancypin
$	23262	all_tradesmen
$	23266   all_risk
$	23267   all_courier
$	23268   all_risk2
$	23269   all_risk3
$	23270   all_risk4
$	23271   all_russian
$	23272   all_pool
$	23273   all_barterguild
$	23286   all_bosb1
$	23287   all_bosb2
$	23290   all_boskid
$	23291   all_bossci
$	23292   all_dogboss
$	23293   all_dogboss2
$	23300   all_hermitman
$	23301   all_win1
$	23302   all_win2
$	23303   all_win3
$	23304   all_win4
$	23305   all_win5
$	23330   all_packages
$	23331   all_worldmerchant
$	23332   all_pctf
$	23335   all_pctf4
$	23337   all_rgambler
$	23342   all_escorts
$	23343   all_foodstuff
$	23349   all_bookbuyer
$	23350   all_books
$	23351   all_vertiscout
$	23359   all_alphabunk
$	23360   all_alphabunkcart
$	23366   all_combatguild
$	23367   all_tragic
$	23369   all_dailyfarm1
$	23370   all_dailyfarm2
$	23371   all_dailycop
$	23372	all_lagenemy
$	23373	all_lagboss
$	23374	all_lagcivi1
$	23375	all_vault4
$	23376	all_testmagic
$	23379	all_blackrock
$	23261	redd_law



$	23344   bur_burrow
$	23345   bur_burrowgate
$	23346   bur_burrowguard
$	23347   bur_burrowelder
$	23348   bur_burrowmed
$	23368   den_bosguard2
$	9323	follower_death

$	23265   blackjack_dealer
$	23104	player_farm
$	23105	player_farmcrops
$	23106	player_farmfamily
$	23107	player_farmfood
$	23108	player_farmlumberjack
$	23109	player_farmrancher
$	23110	player_farmwell
$	23111	player_farmwood
$	23202	player_farmmerchant
$	23203	player_farmdog
$	23204	player_farmkid1
$	23276   player_farmcivi1
$	23277   player_farmcivi2
$	23278   player_farmcivi3
$	23279   player_farmcivi4
$	23280   player_farmcivi5
$	23281   player_farmcivi6
$	23282   player_farmcivi7
$	23283   player_farmcarv
$	23284   player_farmhunt
$	23285   player_farmtan
$	2600   player_farmpriest

$	24000	blackrock_boss
$	23140	klam_claws
$	23149	la_trophy
$	23078	la_scrapjob
$	23232	la_merchant
$	23233	la_dismantle
$	23234	la_miniq
$	23235	la_miniq2
$	23236	la_farmer1
$	23237	la_farmer2
$	23238	la_farmer3
$	23239	la_furniture
$	23240	la_fetch1
$	23241	la_fetch2
$	23242	la_fetch3
$	23157	la_floater
$	23245	bossfight1
$	23246	bossfight2
$	23247	bossfight3
$	23248	bossfight4
$	23249	bossfight5
$	23250	bossfight6
$	23251	bossfight7
$	23252	bossfight8

$	23381	west_doc
$	23382	west_guard
$	23384	west_civ
$	23385	west_sarkis
$	23386	west_guns
$	23387 	tp_thomas
$	23390 	tp_critter
$	24001	hub_salvager 
$	24002	pvp_small1 

$	23084	necropolis_ringhold
$	23173	necropolis_jazz
$	23174	necropolis_prewar
$	23175	necropolis_prewar2

$	23186	qe_adventure
$	23187	qe_adventure2
$	23188	qe_adventure3
$	23189	qe_adventure4
$	23190	qe_adventure5
$	23191	qe_adventure6
$	23192	qe_adventure7
$	23193	qe_adventure8
$	23194	qe_adventure9
$	23195	qe_adventure10
$	23196	qe_adventure11
$	23197	qe_adventure12
$	23198	qe_adventure13
$	23199	qe_adventure14
$	23200	qe_adventure15

$   33404	deathmatch1

************************************************************
